
Good luck all!
**Preparing the event. Checking participants. Please wait ... **
**Giveaway event start !** (Total: 64 participants)   Number of attempts per person **1000** <@&549112390592233473>
406
33
384
415
636
345
133
121
371
602
712
564
316
233
645
333
663
321
000
111
908
624
015
182
631
563
123
544
639
112
158
648
633
153
547
Pp
485
223
113
295
149
231
37
280
048
195
571
186
753
580
115
14
372
435
959
3837
185
469
342
021
124
749
152
234
816
861
487
990
283
7383
2851
740
03
116
999
94
291
900
271
329
567
0027
49
940
992
117
8463
5958
820
847
118
720
737
872
800
9472
885
976
73y
106
481
654
754
119
018
57
250
731
764
100
789
543
193
54
120
173
379
447
8263
037
837
930
373
418
697
458
480
780
736
093
466
456
09u
024
1256
375
200
785
451
853
652
221
098
352
496
286
634
923
T580
889
203
102
095
858
838
884
097
578
413
542
099
905
1354
983
219
013
476
8io
239
95
357
087
016
777
927
029
073
627
7492
898
724
555
332
00
656
735
163
621
546
659
875
807
088
574
553
6589
056
246
798
906
664
37o
823
164
619
601
453
998
909
290
482
397
644
80
089
103
245
055
987
5901
849
812
907
154
090
067
936
786
472
213
122
365
598
282
768
362
109
201
461
155
551
560
744
2638
023
222
322
579
850
334
128
05
739
512
934
809
937
071
615
256
874
204
315
138
020
873
443
848
888
845
748
910
189
394
174
783
646
541
452
157
488
92
618
125
960
73
126
274
980890
796
127
93u
666
668
457
455
361
705
716
729
980
412
082
915
911
672
691
64
728
759
993
572
101
929
859
129
965
635
723
159
130
876
912
086
364
369
808
190
131
576
427
975
444
732
160
262
948
977
870
331
132
,763
97y
436
919
465
247
494
584
001
258
943
703
997
104
913
236
758
967
047
642
486
142
727
161
84
704
385
996
002
689
241
842
568
745
647
524
378
514
035
802
483
254
091
003
995
462
468
852
3829
738
914
895
320
205
957
017
367
272
986
879
994
6456
832
589
665
188
679
950
887
266
134
004
746
211
622
813
355
135
628
6654
136
765
050
867
049
2126
561
674
392
094
110
137
210
177
824
815
916
169
614
8394
511
079
991
232
5884
230
897
831
065
87
715
176
139
007
259
348
229
064
140
141
700
88
742
657
894
294
411
145
143
162
956
144
191
917
788
966
989
933
11
235
146
761
022
8789
192
549
059
752
988
896
947
678
569
554
658
750
763
918
99
401
920
871
279
623
730
893
62
296
400
784
1i3
304
267
403
334IV 335
649
653
726
147
725
312
006
778
148
985
660
?giveaway_attempts 1000
533
335IV
Number of attempts per person: **1000** The participant, who has number of attempts is over, can retry now ! All participants have **1000** attempts now !  Changed by host  <@259893847822303232>
605
98
734
150
684
156
949
151
011
769
56
616
300
521
984
617
661
441
827
172
537
092
921
682
038
556
662
836
982
713
107
491
922
978
860
492
581
077
534
356
981
445
028
382
846
432
467
255
839
167
792
924
536
938
484
531
890
751
979
335
15615
931
773
925
532
284
562
767
710
772
009
393
926
527
667
325
563564
338
550
941
420
303
479
779
970
963
041
Giveaway event end !   Checking the winner please wait ...
**We have a Winner!!!** **Masamune#1406** has won this event **Congrats!!** :tada: **<@484692951256006665>** :tada:
WE HAVE A WINNER!  <@484692951256006665>   <a:PanGClap:555832853909340161>

